2022-01-15 13:27:10,905 [JavaFX Application Thread] ERROR ge.tsu.texteditor.controller.MainController - Can't read file: /Users/tbc/Desktop/ganvadebaVPNcert.pfx
2022-01-15 13:27:15,204 [JavaFX Application Thread] INFO  ge.tsu.texteditor.controller.MainController - Opened file: /Users/tbc/Desktop/Screenshot 2021-09-20 at 12.57.59 PM.png
2022-01-15 13:27:17,934 [JavaFX Application Thread] INFO  ge.tsu.texteditor.controller.MainController - Opened file: /Users/tbc/Desktop/Screenshot 2021-09-18 at 5.52.41 PM.png
2022-01-15 13:27:18,411 [JavaFX Application Thread] INFO  ge.tsu.texteditor.controller.MainController - Opened file: /Users/tbc/Desktop/.localized
2022-01-15 13:27:19,929 [JavaFX Application Thread] ERROR ge.tsu.texteditor.controller.MainController - Can't read file: /Users/tbc/Desktop/დისკრეტული სტრუქტურების ამოცანების კომპიუტერული რეალიზაცია
2022-01-15 13:27:23,227 [JavaFX Application Thread] ERROR ge.tsu.texteditor.controller.MainController - Can't read file: /Users/tbc/Desktop/Relocated Items.nosync
2022-01-15 13:28:12,081 [JavaFX Application Thread] INFO  ge.tsu.texteditor.controller.MainController - Opened file: /Users/tbc/Desktop/theOffice.jpg
2022-01-15 13:28:17,652 [JavaFX Application Thread] INFO  ge.tsu.texteditor.controller.MainController - Opened file: /Users/tbc/Desktop/Enums.playground/playground.xcworkspace/contents.xcworkspacedata
2022-01-15 13:28:18,398 [JavaFX Application Thread] INFO  ge.tsu.texteditor.controller.MainController - Opened file: /Users/tbc/Desktop/Enums.playground/Contents.swift
2022-01-15 13:30:07,741 [JavaFX Application Thread] ERROR ge.tsu.texteditor.controller.MainController - Can't read file: /Users/tbc/Desktop/TBC_Operation_List.xlsx
2022-01-15 13:30:12,311 [JavaFX Application Thread] INFO  ge.tsu.texteditor.controller.MainController - Opened file: /Users/tbc/Desktop/Enums.playground/Contents.swift
2022-01-15 13:30:12,876 [JavaFX Application Thread] INFO  ge.tsu.texteditor.controller.MainController - Opened file: /Users/tbc/Desktop/Enums.playground/contents.xcplayground
2022-01-15 13:30:17,794 [JavaFX Application Thread] INFO  ge.tsu.texteditor.controller.MainController - Opened file: /Users/tbc/Desktop/Enums.playground/xcuserdata/tbc.xcuserdatad/xcschemes/xcschememanagement.plist
2022-01-15 14:18:47,979 [JavaFX Application Thread] ERROR ge.tsu.texteditor.controller.MainController - Can't read file: /Users/tbc/Desktop/iOSTestAutomation.mov
2022-01-15 14:18:48,310 [JavaFX Application Thread] ERROR ge.tsu.texteditor.controller.MainController - Can't read file: /Users/tbc/Desktop/Clean Swift.zip
2022-01-15 14:20:45,501 [JavaFX Application Thread] ERROR ge.tsu.texteditor.controller.MainController - Can't read file: /Users/tbc/Desktop/New Folder/inner/Screen Recording 2021-10-13 at 12.31.36 AM.mp4
2022-01-15 14:21:22,444 [JavaFX Application Thread] INFO  ge.tsu.texteditor.controller.MainController - Opened file: /Users/tbc/Desktop/New Folder/inner/Screen Recording 2021-10-13 at 12.31.36 AM.mp4
2022-01-15 14:22:16,301 [JavaFX Application Thread] INFO  ge.tsu.texteditor.controller.MainController - Opened file: /Users/tbc/Desktop/New Folder/inner/Screen Recording 2021-10-13 at 12.31.36 AM.mp4
2022-01-15 14:22:28,301 [JavaFX Application Thread] INFO  ge.tsu.texteditor.controller.MainController - Opened file: /Users/tbc/Desktop/New Folder/inner/Screenshot 2021-10-22 at 12.49.00 AM.png
2022-01-15 14:22:28,336 [JavaFX Application Thread] ERROR ge.tsu.texteditor.controller.MainController - Can't read file: /Users/tbc/Desktop/New Folder/inner/Screenshot 2021-10-22 at 12.49.00 AM.png
2022-01-15 14:30:53,394 [JavaFX Application Thread] ERROR ge.tsu.texteditor.controller.MainController - Can't read file: /Users/tbc/Desktop/New Folder/inner/Screen Recording 2021-10-13 at 12.31.36 AM.mp4
2022-01-15 14:30:56,433 [JavaFX Application Thread] ERROR ge.tsu.texteditor.controller.MainController - Can't read file: /Users/tbc/Desktop/New Folder/inner/The Pragmatic Programmer Your Journey to Mastery, 20th Anniversary Edition by Andrew Hunt David Hurst Thomas (z-lib.org).pdf
2022-01-15 14:33:24,773 [JavaFX Application Thread] INFO  ge.tsu.texteditor.controller.MainController - Opened file: /Users/tbc/Desktop/Atonement.mp4
2022-01-15 14:33:59,028 [JavaFX Application Thread] INFO  ge.tsu.texteditor.controller.MainController - Opened file: /Users/tbc/Desktop/IMG_6351.jpeg
2022-01-15 14:33:59,035 [JavaFX Application Thread] ERROR ge.tsu.texteditor.controller.MainController - Can't read file: /Users/tbc/Desktop/IMG_6351.jpeg
2022-01-15 14:34:01,924 [JavaFX Application Thread] INFO  ge.tsu.texteditor.controller.MainController - Opened file: /Users/tbc/Desktop/Screenshot 2021-11-04 at 12.06.38 PM.png
2022-01-15 14:34:01,925 [JavaFX Application Thread] ERROR ge.tsu.texteditor.controller.MainController - Can't read file: /Users/tbc/Desktop/Screenshot 2021-11-04 at 12.06.38 PM.png
2022-01-15 14:34:03,452 [JavaFX Application Thread] INFO  ge.tsu.texteditor.controller.MainController - Opened file: /Users/tbc/Desktop/Screenshot 2021-09-08 at 3.19.19 PM.png
2022-01-15 14:34:03,470 [JavaFX Application Thread] ERROR ge.tsu.texteditor.controller.MainController - Can't read file: /Users/tbc/Desktop/Screenshot 2021-09-08 at 3.19.19 PM.png
2022-01-15 14:34:03,851 [JavaFX Application Thread] INFO  ge.tsu.texteditor.controller.MainController - Opened file: /Users/tbc/Desktop/174689971_3876411305811786_1890207398654384576_n.jpeg
2022-01-15 14:34:03,852 [JavaFX Application Thread] ERROR ge.tsu.texteditor.controller.MainController - Can't read file: /Users/tbc/Desktop/174689971_3876411305811786_1890207398654384576_n.jpeg
2022-01-15 14:34:05,693 [JavaFX Application Thread] INFO  ge.tsu.texteditor.controller.MainController - Opened file: /Users/tbc/Desktop/Screenshot 2022-01-08 at 1.55.12 PM.png
2022-01-15 14:34:05,694 [JavaFX Application Thread] ERROR ge.tsu.texteditor.controller.MainController - Can't read file: /Users/tbc/Desktop/Screenshot 2022-01-08 at 1.55.12 PM.png
2022-01-15 14:34:06,467 [JavaFX Application Thread] INFO  ge.tsu.texteditor.controller.MainController - Opened file: /Users/tbc/Desktop/Screenshot 2021-09-18 at 2.39.04 PM.png
2022-01-15 14:34:06,478 [JavaFX Application Thread] ERROR ge.tsu.texteditor.controller.MainController - Can't read file: /Users/tbc/Desktop/Screenshot 2021-09-18 at 2.39.04 PM.png
2022-01-15 14:35:01,169 [JavaFX Application Thread] INFO  ge.tsu.texteditor.controller.MainController - Opened file: /Users/tbc/Desktop/Screenshot 2021-04-16 at 2.52.48 PM.png
2022-01-15 14:35:01,924 [JavaFX Application Thread] INFO  ge.tsu.texteditor.controller.MainController - Opened file: /Users/tbc/Desktop/Screenshot 2022-01-12 at 3.45.47 PM.png
2022-01-15 14:35:02,684 [JavaFX Application Thread] INFO  ge.tsu.texteditor.controller.MainController - Opened file: /Users/tbc/Desktop/Screenshot 2021-09-18 at 5.53.09 PM.png
2022-01-15 14:35:28,987 [JavaFX Application Thread] INFO  ge.tsu.texteditor.controller.MainController - Opened file: /Users/tbc/Desktop/Screenshot 2021-09-20 at 12.57.59 PM.png
2022-01-15 14:35:28,998 [JavaFX Application Thread] ERROR ge.tsu.texteditor.controller.MainController - Can't read file: /Users/tbc/Desktop/Screenshot 2021-09-20 at 12.57.59 PM.png
2022-01-15 14:35:30,041 [JavaFX Application Thread] INFO  ge.tsu.texteditor.controller.MainController - Opened file: /Users/tbc/Desktop/Screenshot 2021-02-05 at 3.20.21 PM.png
2022-01-15 14:35:30,047 [JavaFX Application Thread] ERROR ge.tsu.texteditor.controller.MainController - Can't read file: /Users/tbc/Desktop/Screenshot 2021-02-05 at 3.20.21 PM.png
2022-01-15 14:35:32,473 [JavaFX Application Thread] INFO  ge.tsu.texteditor.controller.MainController - Opened file: /Users/tbc/Desktop/Screenshot 2022-01-14 at 4.59.43 PM.png
2022-01-15 14:35:32,475 [JavaFX Application Thread] ERROR ge.tsu.texteditor.controller.MainController - Can't read file: /Users/tbc/Desktop/Screenshot 2022-01-14 at 4.59.43 PM.png
2022-01-15 14:35:34,813 [JavaFX Application Thread] INFO  ge.tsu.texteditor.controller.MainController - Opened file: /Users/tbc/Desktop/Screenshot 2022-01-12 at 3.45.47 PM.png
2022-01-15 14:35:34,814 [JavaFX Application Thread] ERROR ge.tsu.texteditor.controller.MainController - Can't read file: /Users/tbc/Desktop/Screenshot 2022-01-12 at 3.45.47 PM.png
2022-01-15 14:36:45,904 [JavaFX Application Thread] INFO  ge.tsu.texteditor.controller.MainController - Opened file: /Users/tbc/Desktop/Screenshot 2022-01-14 at 4.59.43 PM.png
2022-01-15 14:36:45,916 [JavaFX Application Thread] ERROR ge.tsu.texteditor.controller.MainController - Can't read file: /Users/tbc/Desktop/Screenshot 2022-01-14 at 4.59.43 PM.png
2022-01-15 14:37:08,326 [JavaFX Application Thread] INFO  ge.tsu.texteditor.controller.MainController - Opened file: /Users/tbc/Desktop/Screenshot 2021-09-20 at 12.57.59 PM.png
2022-01-15 14:37:09,083 [JavaFX Application Thread] INFO  ge.tsu.texteditor.controller.MainController - Opened file: /Users/tbc/Desktop/Screenshot 2021-02-05 at 3.20.21 PM.png
2022-01-15 14:37:26,683 [JavaFX Application Thread] INFO  ge.tsu.texteditor.controller.MainController - Opened file: /Users/tbc/Desktop/Screenshot 2021-09-18 at 5.53.09 PM.png
2022-01-15 14:38:00,787 [JavaFX Application Thread] INFO  ge.tsu.texteditor.controller.MainController - Opened file: /Users/tbc/Desktop/Screenshot 2021-09-18 at 5.53.09 PM.png
2022-01-15 14:38:01,289 [JavaFX Application Thread] INFO  ge.tsu.texteditor.controller.MainController - Opened file: /Users/tbc/Desktop/Atonement.mp4
2022-01-15 14:38:10,388 [JavaFX Application Thread] ERROR ge.tsu.texteditor.controller.MainController - Can't read file: /Users/tbc/Desktop/New Folder/inner/Screen Recording 2021-10-13 at 12.31.36 AM.mov
2022-01-15 14:39:00,570 [JavaFX Application Thread] INFO  ge.tsu.texteditor.controller.MainController - Opened file: /Users/tbc/Desktop/New Folder/inner/Screen Recording 2021-10-13 at 12.31.36 AM.mp4
2022-01-15 14:39:29,924 [JavaFX Application Thread] INFO  ge.tsu.texteditor.controller.MainController - Opened file: /Users/tbc/Desktop/174689971_3876411305811786_1890207398654384576_n.jpeg
2022-01-15 14:39:33,267 [JavaFX Application Thread] INFO  ge.tsu.texteditor.controller.MainController - Opened file: /Users/tbc/Desktop/Screenshot 2022-01-14 at 5.00.00 PM.png
2022-01-15 14:39:45,400 [JavaFX Application Thread] INFO  ge.tsu.texteditor.controller.MainController - Opened file: /Users/tbc/Desktop/chatbot/requirements.txt
2022-01-15 14:44:50,636 [JavaFX Application Thread] ERROR ge.tsu.texteditor.controller.MainController - Can't read file: /Users/tbc/Desktop/New Folder/inner/Screen Recording 2021-10-13 at 12.31.36 AM.mp4
2022-01-15 14:44:51,616 [JavaFX Application Thread] ERROR ge.tsu.texteditor.controller.MainController - Can't read file: /Users/tbc/Desktop/New Folder/inner/The Pragmatic Programmer Your Journey to Mastery, 20th Anniversary Edition by Andrew Hunt David Hurst Thomas (z-lib.org).pdf
2022-01-15 14:44:53,906 [JavaFX Application Thread] INFO  ge.tsu.texteditor.controller.MainController - Opened file: /Users/tbc/Desktop/New Folder/inner/Screenshot 2021-10-22 at 12.49.00 AM.png
2022-01-15 14:44:57,453 [JavaFX Application Thread] INFO  ge.tsu.texteditor.controller.MainController - Opened file: /Users/tbc/Desktop/New Folder/Screen Shot 2021-01-19 at 3.23.49 PM.png
2022-01-15 14:44:58,662 [JavaFX Application Thread] INFO  ge.tsu.texteditor.controller.MainController - Opened file: /Users/tbc/Desktop/New Folder/2.swift
2022-01-15 14:44:59,211 [JavaFX Application Thread] ERROR ge.tsu.texteditor.controller.MainController - Can't read file: /Users/tbc/Desktop/New Folder/Clean Swift.zip
2022-01-15 14:45:02,128 [JavaFX Application Thread] INFO  ge.tsu.texteditor.controller.MainController - Opened file: /Users/tbc/Desktop/New Folder/inner/1.info.swift
2022-01-15 14:45:03,679 [JavaFX Application Thread] INFO  ge.tsu.texteditor.controller.MainController - Opened file: /Users/tbc/Desktop/New Folder/1234.swift
2022-01-15 14:48:07,692 [JavaFX Application Thread] INFO  ge.tsu.texteditor.controller.MainController - Opened file: /Users/tbc/Desktop/New Folder/Screen Shot 2021-01-19 at 3.23.49 PM.png
2022-01-15 14:48:08,291 [JavaFX Application Thread] INFO  ge.tsu.texteditor.controller.MainController - Opened file: /Users/tbc/Desktop/New Folder/2.swift
2022-01-15 14:48:08,888 [JavaFX Application Thread] INFO  ge.tsu.texteditor.controller.MainController - Opened file: /Users/tbc/Desktop/New Folder/1234.swift
2022-01-15 14:48:32,490 [JavaFX Application Thread] INFO  ge.tsu.texteditor.controller.MainController - Opened file: /Users/tbc/Desktop/New Folder/1234.swift
